{"/home/alexmk92/code/bnc-attendance/src/constants.ts": {"path":"/home/alexmk92/code/bnc-attendance/src/constants.ts","statementMap":{"0":{"start":{"line":1,"column":24},"end":{"line":1,"column":61}},"1":{"start":{"line":2,"column":24},"end":{"line":2,"column":52}},"2":{"start":{"line":3,"column":22},"end":{"line":11,"column":1}}},"fnMap":{},"branchMap":{"0":{"loc":{"start":{"line":2,"column":24},"end":{"line":2,"column":52}},"type":"binary-expr","locations":[{"start":{"line":2,"column":24},"end":{"line":2,"column":44}},{"start":{"line":2,"column":48},"end":{"line":2,"column":52}}],"line":2},"1":{"loc":{"start":{"line":4,"column":8},"end":{"line":4,"column":42}},"type":"binary-expr","locations":[{"start":{"line":4,"column":8},"end":{"line":4,"column":27}},{"start":{"line":4,"column":31},"end":{"line":4,"column":42}}],"line":4},"2":{"loc":{"start":{"line":5,"column":8},"end":{"line":5,"column":38}},"type":"binary-expr","locations":[{"start":{"line":5,"column":8},"end":{"line":5,"column":27}},{"start":{"line":5,"column":31},"end":{"line":5,"column":38}}],"line":5},"3":{"loc":{"start":{"line":6,"column":12},"end":{"line":6,"column":37}},"type":"binary-expr","locations":[{"start":{"line":6,"column":12},"end":{"line":6,"column":31}},{"start":{"line":6,"column":35},"end":{"line":6,"column":37}}],"line":6},"4":{"loc":{"start":{"line":7,"column":8},"end":{"line":7,"column":35}},"type":"binary-expr","locations":[{"start":{"line":7,"column":8},"end":{"line":7,"column":27}},{"start":{"line":7,"column":31},"end":{"line":7,"column":35}}],"line":7},"5":{"loc":{"start":{"line":8,"column":41},"end":{"line":8,"column":73}},"type":"binary-expr","locations":[{"start":{"line":8,"column":41},"end":{"line":8,"column":60}},{"start":{"line":8,"column":64},"end":{"line":8,"column":73}}],"line":8},"6":{"loc":{"start":{"line":9,"column":9},"end":{"line":9,"column":38}},"type":"binary-expr","locations":[{"start":{"line":9,"column":9},"end":{"line":9,"column":29}},{"start":{"line":9,"column":33},"end":{"line":9,"column":38}}],"line":9}},"s":{"0":1,"1":1,"2":1},"f":{},"b":{"0":[1,0],"1":[1,0],"2":[1,0],"3":[1,0],"4":[1,0],"5":[1,0],"6":[1,1]},"_coverageSchema":"1a1c01bbd47fc00a2c39e90264f33305004495a9","hash":"c27de2f3ded36258d202f653a2d1b6c22a3b1595"}
,"/home/alexmk92/code/bnc-attendance/src/logger.ts": {"path":"/home/alexmk92/code/bnc-attendance/src/logger.ts","statementMap":{"0":{"start":{"line":3,"column":15},"end":{"line":3,"column":21}},"1":{"start":{"line":9,"column":27},"end":{"line":10,"column":47}},"2":{"start":{"line":10,"column":2},"end":{"line":10,"column":47}},"3":{"start":{"line":16,"column":19},"end":{"line":16,"column":25}}},"fnMap":{"0":{"name":"(anonymous_0)","decl":{"start":{"line":9,"column":27},"end":{"line":9,"column":28}},"loc":{"start":{"line":10,"column":2},"end":{"line":10,"column":47}},"line":10}},"branchMap":{"0":{"loc":{"start":{"line":10,"column":3},"end":{"line":10,"column":34}},"type":"binary-expr","locations":[{"start":{"line":10,"column":3},"end":{"line":10,"column":24}},{"start":{"line":10,"column":28},"end":{"line":10,"column":34}}],"line":10}},"s":{"0":1,"1":1,"2":0,"3":1},"f":{"0":0},"b":{"0":[0,0]},"_coverageSchema":"1a1c01bbd47fc00a2c39e90264f33305004495a9","hash":"6ba8f311b16f47ea69dd063b9489be14889c6e6d"}
,"/home/alexmk92/code/bnc-attendance/src/commands/raids/add.ts": {"path":"/home/alexmk92/code/bnc-attendance/src/commands/raids/add.ts","statementMap":{"0":{"start":{"line":4,"column":15},"end":{"line":4,"column":43}},"1":{"start":{"line":5,"column":2},"end":{"line":7,"column":3}},"2":{"start":{"line":6,"column":4},"end":{"line":6,"column":14}},"3":{"start":{"line":9,"column":15},"end":{"line":9,"column":36}},"4":{"start":{"line":11,"column":13},"end":{"line":16,"column":12}},"5":{"start":{"line":18,"column":2},"end":{"line":34,"column":3}},"6":{"start":{"line":19,"column":19},"end":{"line":19,"column":75}},"7":{"start":{"line":20,"column":4},"end":{"line":20,"column":59}},"8":{"start":{"line":21,"column":4},"end":{"line":21,"column":34}},"9":{"start":{"line":23,"column":18},"end":{"line":31,"column":21}},"10":{"start":{"line":33,"column":4},"end":{"line":33,"column":20}},"11":{"start":{"line":36,"column":2},"end":{"line":36,"column":14}},"12":{"start":{"line":46,"column":25},"end":{"line":56,"column":1}},"13":{"start":{"line":47,"column":13},"end":{"line":47,"column":31}},"14":{"start":{"line":49,"column":14},"end":{"line":49,"column":46}},"15":{"start":{"line":50,"column":2},"end":{"line":50,"column":49}},"16":{"start":{"line":52,"column":12},"end":{"line":52,"column":37}},"17":{"start":{"line":53,"column":2},"end":{"line":53,"column":41}},"18":{"start":{"line":55,"column":2},"end":{"line":55,"column":40}}},"fnMap":{"0":{"name":"(anonymous_0)","decl":{"start":{"line":3,"column":15},"end":{"line":3,"column":16}},"loc":{"start":{"line":3,"column":74},"end":{"line":37,"column":1}},"line":3},"1":{"name":"(anonymous_1)","decl":{"start":{"line":46,"column":25},"end":{"line":46,"column":26}},"loc":{"start":{"line":46,"column":41},"end":{"line":56,"column":1}},"line":46}},"branchMap":{"0":{"loc":{"start":{"line":5,"column":2},"end":{"line":7,"column":3}},"type":"if","locations":[{"start":{"line":5,"column":2},"end":{"line":7,"column":3}},{"start":{},"end":{}}],"line":5},"1":{"loc":{"start":{"line":18,"column":2},"end":{"line":34,"column":3}},"type":"if","locations":[{"start":{"line":18,"column":2},"end":{"line":34,"column":3}},{"start":{"line":22,"column":9},"end":{"line":34,"column":3}}],"line":18},"2":{"loc":{"start":{"line":50,"column":10},"end":{"line":50,"column":48}},"type":"cond-expr","locations":[{"start":{"line":50,"column":29},"end":{"line":50,"column":34}},{"start":{"line":50,"column":37},"end":{"line":50,"column":48}}],"line":50},"3":{"loc":{"start":{"line":53,"column":8},"end":{"line":53,"column":40}},"type":"cond-expr","locations":[{"start":{"line":53,"column":25},"end":{"line":53,"column":28}},{"start":{"line":53,"column":31},"end":{"line":53,"column":40}}],"line":53}},"s":{"0":1,"1":1,"2":0,"3":1,"4":1,"5":1,"6":1,"7":1,"8":1,"9":0,"10":0,"11":1,"12":1,"13":1,"14":1,"15":1,"16":1,"17":1,"18":1},"f":{"0":1,"1":1},"b":{"0":[0,1],"1":[1,0],"2":[0,1],"3":[1,0]},"_coverageSchema":"1a1c01bbd47fc00a2c39e90264f33305004495a9","hash":"41a2f2b095ea4644bce9d473764ab1a13b302451"}
,"/home/alexmk92/code/bnc-attendance/src/commands/raids/record-tick.ts": {"path":"/home/alexmk92/code/bnc-attendance/src/commands/raids/record-tick.ts","statementMap":{"0":{"start":{"line":14,"column":19},"end":{"line":16,"column":17}},"1":{"start":{"line":17,"column":15},"end":{"line":17,"column":36}},"2":{"start":{"line":18,"column":15},"end":{"line":18,"column":66}},"3":{"start":{"line":19,"column":2},"end":{"line":21,"column":3}},"4":{"start":{"line":20,"column":4},"end":{"line":20,"column":48}},"5":{"start":{"line":23,"column":20},"end":{"line":23,"column":58}},"6":{"start":{"line":24,"column":27},"end":{"line":24,"column":58}},"7":{"start":{"line":26,"column":2},"end":{"line":28,"column":3}},"8":{"start":{"line":27,"column":4},"end":{"line":27,"column":21}},"9":{"start":{"line":30,"column":26},"end":{"line":39,"column":4}},"10":{"start":{"line":31,"column":4},"end":{"line":38,"column":6}},"11":{"start":{"line":41,"column":2},"end":{"line":49,"column":3}},"12":{"start":{"line":42,"column":4},"end":{"line":46,"column":41}},"13":{"start":{"line":48,"column":4},"end":{"line":48,"column":79}},"14":{"start":{"line":51,"column":2},"end":{"line":51,"column":72}},"15":{"start":{"line":54,"column":28},"end":{"line":73,"column":1}},"16":{"start":{"line":55,"column":15},"end":{"line":55,"column":36}},"17":{"start":{"line":56,"column":14},"end":{"line":64,"column":54}},"18":{"start":{"line":66,"column":19},"end":{"line":66,"column":30}},"19":{"start":{"line":68,"column":2},"end":{"line":70,"column":3}},"20":{"start":{"line":69,"column":4},"end":{"line":69,"column":16}},"21":{"start":{"line":72,"column":2},"end":{"line":72,"column":18}},"22":{"start":{"line":75,"column":23},"end":{"line":138,"column":1}},"23":{"start":{"line":79,"column":27},"end":{"line":79,"column":60}},"24":{"start":{"line":80,"column":15},"end":{"line":80,"column":36}},"25":{"start":{"line":82,"column":19},"end":{"line":84,"column":17}},"26":{"start":{"line":85,"column":19},"end":{"line":87,"column":17}},"27":{"start":{"line":88,"column":2},"end":{"line":88,"column":34}},"28":{"start":{"line":90,"column":29},"end":{"line":99,"column":22}},"29":{"start":{"line":102,"column":4},"end":{"line":104,"column":46}},"30":{"start":{"line":106,"column":14},"end":{"line":131,"column":23}},"31":{"start":{"line":133,"column":2},"end":{"line":135,"column":3}},"32":{"start":{"line":134,"column":4},"end":{"line":134,"column":13}},"33":{"start":{"line":137,"column":2},"end":{"line":137,"column":49}},"34":{"start":{"line":149,"column":21},"end":{"line":164,"column":1}},"35":{"start":{"line":150,"column":15},"end":{"line":150,"column":36}},"36":{"start":{"line":151,"column":18},"end":{"line":154,"column":33}},"37":{"start":{"line":156,"column":45},"end":{"line":156,"column":47}},"38":{"start":{"line":157,"column":2},"end":{"line":161,"column":5}},"39":{"start":{"line":158,"column":4},"end":{"line":160,"column":5}},"40":{"start":{"line":159,"column":6},"end":{"line":159,"column":62}},"41":{"start":{"line":163,"column":2},"end":{"line":163,"column":26}}},"fnMap":{"0":{"name":"(anonymous_0)","decl":{"start":{"line":8,"column":15},"end":{"line":8,"column":16}},"loc":{"start":{"line":13,"column":5},"end":{"line":52,"column":1}},"line":13},"1":{"name":"(anonymous_1)","decl":{"start":{"line":30,"column":62},"end":{"line":30,"column":63}},"loc":{"start":{"line":30,"column":70},"end":{"line":39,"column":3}},"line":30},"2":{"name":"(anonymous_2)","decl":{"start":{"line":54,"column":28},"end":{"line":54,"column":29}},"loc":{"start":{"line":54,"column":76},"end":{"line":73,"column":1}},"line":54},"3":{"name":"(anonymous_3)","decl":{"start":{"line":75,"column":23},"end":{"line":75,"column":24}},"loc":{"start":{"line":78,"column":22},"end":{"line":138,"column":1}},"line":78},"4":{"name":"(anonymous_4)","decl":{"start":{"line":149,"column":21},"end":{"line":149,"column":22}},"loc":{"start":{"line":149,"column":79},"end":{"line":164,"column":1}},"line":149},"5":{"name":"(anonymous_5)","decl":{"start":{"line":157,"column":18},"end":{"line":157,"column":19}},"loc":{"start":{"line":157,"column":30},"end":{"line":161,"column":3}},"line":157}},"branchMap":{"0":{"loc":{"start":{"line":15,"column":13},"end":{"line":15,"column":45}},"type":"binary-expr","locations":[{"start":{"line":15,"column":13},"end":{"line":15,"column":21}},{"start":{"line":15,"column":25},"end":{"line":15,"column":45}}],"line":15},"1":{"loc":{"start":{"line":19,"column":2},"end":{"line":21,"column":3}},"type":"if","locations":[{"start":{"line":19,"column":2},"end":{"line":21,"column":3}},{"start":{},"end":{}}],"line":19},"2":{"loc":{"start":{"line":26,"column":2},"end":{"line":28,"column":3}},"type":"if","locations":[{"start":{"line":26,"column":2},"end":{"line":28,"column":3}},{"start":{},"end":{}}],"line":26},"3":{"loc":{"start":{"line":41,"column":2},"end":{"line":49,"column":3}},"type":"if","locations":[{"start":{"line":41,"column":2},"end":{"line":49,"column":3}},{"start":{},"end":{}}],"line":41},"4":{"loc":{"start":{"line":68,"column":2},"end":{"line":70,"column":3}},"type":"if","locations":[{"start":{"line":68,"column":2},"end":{"line":70,"column":3}},{"start":{},"end":{}}],"line":68},"5":{"loc":{"start":{"line":83,"column":13},"end":{"line":83,"column":49}},"type":"binary-expr","locations":[{"start":{"line":83,"column":13},"end":{"line":83,"column":25}},{"start":{"line":83,"column":29},"end":{"line":83,"column":49}}],"line":83},"6":{"loc":{"start":{"line":86,"column":13},"end":{"line":86,"column":73}},"type":"binary-expr","locations":[{"start":{"line":86,"column":13},"end":{"line":86,"column":49}},{"start":{"line":86,"column":53},"end":{"line":86,"column":73}}],"line":86},"7":{"loc":{"start":{"line":90,"column":29},"end":{"line":99,"column":22}},"type":"cond-expr","locations":[{"start":{"line":91,"column":6},"end":{"line":98,"column":3}},{"start":{"line":99,"column":6},"end":{"line":99,"column":22}}],"line":90},"8":{"loc":{"start":{"line":102,"column":4},"end":{"line":104,"column":46}},"type":"cond-expr","locations":[{"start":{"line":103,"column":8},"end":{"line":103,"column":35}},{"start":{"line":104,"column":8},"end":{"line":104,"column":46}}],"line":102},"9":{"loc":{"start":{"line":102,"column":4},"end":{"line":102,"column":65}},"type":"binary-expr","locations":[{"start":{"line":102,"column":4},"end":{"line":102,"column":29}},{"start":{"line":102,"column":33},"end":{"line":102,"column":65}}],"line":102},"10":{"loc":{"start":{"line":133,"column":2},"end":{"line":135,"column":3}},"type":"if","locations":[{"start":{"line":133,"column":2},"end":{"line":135,"column":3}},{"start":{},"end":{}}],"line":133},"11":{"loc":{"start":{"line":137,"column":21},"end":{"line":137,"column":45}},"type":"binary-expr","locations":[{"start":{"line":137,"column":21},"end":{"line":137,"column":40}},{"start":{"line":137,"column":44},"end":{"line":137,"column":45}}],"line":137},"12":{"loc":{"start":{"line":158,"column":4},"end":{"line":160,"column":5}},"type":"if","locations":[{"start":{"line":158,"column":4},"end":{"line":160,"column":5}},{"start":{},"end":{}}],"line":158}},"s":{"0":5,"1":5,"2":5,"3":5,"4":0,"5":5,"6":5,"7":5,"8":0,"9":5,"10":5,"11":5,"12":5,"13":5,"14":5,"15":1,"16":5,"17":5,"18":5,"19":5,"20":2,"21":3,"22":1,"23":5,"24":5,"25":5,"26":5,"27":5,"28":5,"29":5,"30":5,"31":5,"32":1,"33":4,"34":1,"35":5,"36":5,"37":5,"38":5,"39":5,"40":5,"41":5},"f":{"0":5,"1":5,"2":5,"3":5,"4":5,"5":5},"b":{"0":[5,1],"1":[0,5],"2":[0,5],"3":[5,0],"4":[2,3],"5":[5,1],"6":[5,2],"7":[3,2],"8":[2,3],"9":[5,3],"10":[1,4],"11":[4,0],"12":[5,0]},"_coverageSchema":"1a1c01bbd47fc00a2c39e90264f33305004495a9","hash":"728bc771b9567b7266d8e8022c64f9ba4441563a"}
,"/home/alexmk92/code/bnc-attendance/src/util/db.ts": {"path":"/home/alexmk92/code/bnc-attendance/src/util/db.ts","statementMap":{"0":{"start":{"line":4,"column":46},"end":{"line":4,"column":50}},"1":{"start":{"line":6,"column":29},"end":{"line":20,"column":1}},"2":{"start":{"line":7,"column":2},"end":{"line":17,"column":3}},"3":{"start":{"line":8,"column":4},"end":{"line":16,"column":7}},"4":{"start":{"line":19,"column":2},"end":{"line":19,"column":20}}},"fnMap":{"0":{"name":"(anonymous_0)","decl":{"start":{"line":6,"column":29},"end":{"line":6,"column":30}},"loc":{"start":{"line":6,"column":41},"end":{"line":20,"column":1}},"line":6}},"branchMap":{"0":{"loc":{"start":{"line":7,"column":2},"end":{"line":17,"column":3}},"type":"if","locations":[{"start":{"line":7,"column":2},"end":{"line":17,"column":3}},{"start":{},"end":{}}],"line":7}},"s":{"0":1,"1":1,"2":22,"3":1,"4":22},"f":{"0":22},"b":{"0":[1,21]},"_coverageSchema":"1a1c01bbd47fc00a2c39e90264f33305004495a9","hash":"cefdd453e7ca1ac0d48d2348aa0bb6b41c4062af"}
}
