{"/home/alexmk92/code/bnc-attendance/src/constants.ts": {"path":"/home/alexmk92/code/bnc-attendance/src/constants.ts","statementMap":{"0":{"start":{"line":1,"column":24},"end":{"line":1,"column":61}},"1":{"start":{"line":2,"column":24},"end":{"line":2,"column":52}},"2":{"start":{"line":3,"column":22},"end":{"line":11,"column":1}}},"fnMap":{},"branchMap":{"0":{"loc":{"start":{"line":2,"column":24},"end":{"line":2,"column":52}},"type":"binary-expr","locations":[{"start":{"line":2,"column":24},"end":{"line":2,"column":44}},{"start":{"line":2,"column":48},"end":{"line":2,"column":52}}],"line":2},"1":{"loc":{"start":{"line":4,"column":8},"end":{"line":4,"column":42}},"type":"binary-expr","locations":[{"start":{"line":4,"column":8},"end":{"line":4,"column":27}},{"start":{"line":4,"column":31},"end":{"line":4,"column":42}}],"line":4},"2":{"loc":{"start":{"line":5,"column":8},"end":{"line":5,"column":38}},"type":"binary-expr","locations":[{"start":{"line":5,"column":8},"end":{"line":5,"column":27}},{"start":{"line":5,"column":31},"end":{"line":5,"column":38}}],"line":5},"3":{"loc":{"start":{"line":6,"column":12},"end":{"line":6,"column":37}},"type":"binary-expr","locations":[{"start":{"line":6,"column":12},"end":{"line":6,"column":31}},{"start":{"line":6,"column":35},"end":{"line":6,"column":37}}],"line":6},"4":{"loc":{"start":{"line":7,"column":8},"end":{"line":7,"column":35}},"type":"binary-expr","locations":[{"start":{"line":7,"column":8},"end":{"line":7,"column":27}},{"start":{"line":7,"column":31},"end":{"line":7,"column":35}}],"line":7},"5":{"loc":{"start":{"line":8,"column":41},"end":{"line":8,"column":73}},"type":"binary-expr","locations":[{"start":{"line":8,"column":41},"end":{"line":8,"column":60}},{"start":{"line":8,"column":64},"end":{"line":8,"column":73}}],"line":8},"6":{"loc":{"start":{"line":9,"column":9},"end":{"line":9,"column":38}},"type":"binary-expr","locations":[{"start":{"line":9,"column":9},"end":{"line":9,"column":29}},{"start":{"line":9,"column":33},"end":{"line":9,"column":38}}],"line":9}},"s":{"0":1,"1":1,"2":1},"f":{},"b":{"0":[1,0],"1":[1,0],"2":[1,0],"3":[1,0],"4":[1,0],"5":[1,0],"6":[1,1]},"_coverageSchema":"1a1c01bbd47fc00a2c39e90264f33305004495a9","hash":"c27de2f3ded36258d202f653a2d1b6c22a3b1595"}
,"/home/alexmk92/code/bnc-attendance/src/logger.ts": {"path":"/home/alexmk92/code/bnc-attendance/src/logger.ts","statementMap":{"0":{"start":{"line":3,"column":15},"end":{"line":3,"column":21}},"1":{"start":{"line":9,"column":27},"end":{"line":10,"column":47}},"2":{"start":{"line":10,"column":2},"end":{"line":10,"column":47}},"3":{"start":{"line":16,"column":19},"end":{"line":16,"column":25}}},"fnMap":{"0":{"name":"(anonymous_0)","decl":{"start":{"line":9,"column":27},"end":{"line":9,"column":28}},"loc":{"start":{"line":10,"column":2},"end":{"line":10,"column":47}},"line":10}},"branchMap":{"0":{"loc":{"start":{"line":10,"column":3},"end":{"line":10,"column":34}},"type":"binary-expr","locations":[{"start":{"line":10,"column":3},"end":{"line":10,"column":24}},{"start":{"line":10,"column":28},"end":{"line":10,"column":34}}],"line":10}},"s":{"0":1,"1":1,"2":0,"3":1},"f":{"0":0},"b":{"0":[0,0]},"_coverageSchema":"1a1c01bbd47fc00a2c39e90264f33305004495a9","hash":"6ba8f311b16f47ea69dd063b9489be14889c6e6d"}
,"/home/alexmk92/code/bnc-attendance/src/commands/raids/add.ts": {"path":"/home/alexmk92/code/bnc-attendance/src/commands/raids/add.ts","statementMap":{"0":{"start":{"line":4,"column":15},"end":{"line":4,"column":43}},"1":{"start":{"line":5,"column":2},"end":{"line":7,"column":3}},"2":{"start":{"line":6,"column":4},"end":{"line":6,"column":14}},"3":{"start":{"line":9,"column":15},"end":{"line":9,"column":36}},"4":{"start":{"line":11,"column":13},"end":{"line":16,"column":12}},"5":{"start":{"line":18,"column":2},"end":{"line":34,"column":3}},"6":{"start":{"line":19,"column":19},"end":{"line":19,"column":75}},"7":{"start":{"line":20,"column":4},"end":{"line":20,"column":59}},"8":{"start":{"line":21,"column":4},"end":{"line":21,"column":34}},"9":{"start":{"line":23,"column":18},"end":{"line":31,"column":21}},"10":{"start":{"line":33,"column":4},"end":{"line":33,"column":20}},"11":{"start":{"line":36,"column":2},"end":{"line":36,"column":14}},"12":{"start":{"line":46,"column":25},"end":{"line":56,"column":1}},"13":{"start":{"line":47,"column":13},"end":{"line":47,"column":31}},"14":{"start":{"line":49,"column":14},"end":{"line":49,"column":46}},"15":{"start":{"line":50,"column":2},"end":{"line":50,"column":49}},"16":{"start":{"line":52,"column":12},"end":{"line":52,"column":37}},"17":{"start":{"line":53,"column":2},"end":{"line":53,"column":41}},"18":{"start":{"line":55,"column":2},"end":{"line":55,"column":40}}},"fnMap":{"0":{"name":"(anonymous_0)","decl":{"start":{"line":3,"column":15},"end":{"line":3,"column":16}},"loc":{"start":{"line":3,"column":74},"end":{"line":37,"column":1}},"line":3},"1":{"name":"(anonymous_1)","decl":{"start":{"line":46,"column":25},"end":{"line":46,"column":26}},"loc":{"start":{"line":46,"column":41},"end":{"line":56,"column":1}},"line":46}},"branchMap":{"0":{"loc":{"start":{"line":5,"column":2},"end":{"line":7,"column":3}},"type":"if","locations":[{"start":{"line":5,"column":2},"end":{"line":7,"column":3}},{"start":{},"end":{}}],"line":5},"1":{"loc":{"start":{"line":18,"column":2},"end":{"line":34,"column":3}},"type":"if","locations":[{"start":{"line":18,"column":2},"end":{"line":34,"column":3}},{"start":{"line":22,"column":9},"end":{"line":34,"column":3}}],"line":18},"2":{"loc":{"start":{"line":50,"column":10},"end":{"line":50,"column":48}},"type":"cond-expr","locations":[{"start":{"line":50,"column":29},"end":{"line":50,"column":34}},{"start":{"line":50,"column":37},"end":{"line":50,"column":48}}],"line":50},"3":{"loc":{"start":{"line":53,"column":8},"end":{"line":53,"column":40}},"type":"cond-expr","locations":[{"start":{"line":53,"column":25},"end":{"line":53,"column":28}},{"start":{"line":53,"column":31},"end":{"line":53,"column":40}}],"line":53}},"s":{"0":7,"1":7,"2":0,"3":7,"4":7,"5":7,"6":7,"7":7,"8":7,"9":0,"10":0,"11":7,"12":1,"13":7,"14":7,"15":7,"16":7,"17":7,"18":7},"f":{"0":7,"1":7},"b":{"0":[0,7],"1":[7,0],"2":[0,7],"3":[7,0]},"_coverageSchema":"1a1c01bbd47fc00a2c39e90264f33305004495a9","hash":"41a2f2b095ea4644bce9d473764ab1a13b302451"}
,"/home/alexmk92/code/bnc-attendance/src/commands/raids/calculate-attendance.ts": {"path":"/home/alexmk92/code/bnc-attendance/src/commands/raids/calculate-attendance.ts","statementMap":{"0":{"start":{"line":19,"column":15},"end":{"line":19,"column":36}},"1":{"start":{"line":22,"column":6},"end":{"line":22,"column":8}},"2":{"start":{"line":23,"column":74},"end":{"line":28,"column":3}},"3":{"start":{"line":29,"column":2},"end":{"line":29,"column":39}},"4":{"start":{"line":31,"column":2},"end":{"line":48,"column":5}},"5":{"start":{"line":32,"column":4},"end":{"line":47,"column":7}},"6":{"start":{"line":33,"column":6},"end":{"line":42,"column":7}},"7":{"start":{"line":34,"column":8},"end":{"line":41,"column":10}},"8":{"start":{"line":44,"column":6},"end":{"line":46,"column":7}},"9":{"start":{"line":45,"column":8},"end":{"line":45,"column":67}},"10":{"start":{"line":50,"column":2},"end":{"line":89,"column":5}},"11":{"start":{"line":51,"column":45},"end":{"line":51,"column":47}},"12":{"start":{"line":52,"column":20},"end":{"line":69,"column":6}},"13":{"start":{"line":53,"column":41},"end":{"line":53,"column":51}},"14":{"start":{"line":54,"column":6},"end":{"line":54,"column":34}},"15":{"start":{"line":55,"column":6},"end":{"line":55,"column":36}},"16":{"start":{"line":57,"column":6},"end":{"line":63,"column":9}},"17":{"start":{"line":65,"column":6},"end":{"line":68,"column":26}},"18":{"start":{"line":73,"column":22},"end":{"line":73,"column":24}},"19":{"start":{"line":74,"column":4},"end":{"line":76,"column":5}},"20":{"start":{"line":74,"column":17},"end":{"line":74,"column":26}},"21":{"start":{"line":75,"column":6},"end":{"line":75,"column":43}},"22":{"start":{"line":78,"column":4},"end":{"line":88,"column":5}},"23":{"start":{"line":79,"column":6},"end":{"line":79,"column":33}},"24":{"start":{"line":80,"column":6},"end":{"line":80,"column":25}},"25":{"start":{"line":81,"column":6},"end":{"line":81,"column":66}},"26":{"start":{"line":82,"column":6},"end":{"line":82,"column":35}},"27":{"start":{"line":84,"column":6},"end":{"line":84,"column":19}},"28":{"start":{"line":85,"column":6},"end":{"line":85,"column":59}},"29":{"start":{"line":86,"column":6},"end":{"line":86,"column":27}},"30":{"start":{"line":87,"column":6},"end":{"line":87,"column":14}},"31":{"start":{"line":92,"column":16},"end":{"line":127,"column":1}},"32":{"start":{"line":95,"column":2},"end":{"line":95,"column":53}},"33":{"start":{"line":96,"column":66},"end":{"line":96,"column":68}},"34":{"start":{"line":97,"column":15},"end":{"line":115,"column":79}},"35":{"start":{"line":117,"column":2},"end":{"line":123,"column":5}},"36":{"start":{"line":118,"column":4},"end":{"line":122,"column":5}},"37":{"start":{"line":119,"column":6},"end":{"line":119,"column":65}},"38":{"start":{"line":121,"column":6},"end":{"line":121,"column":42}},"39":{"start":{"line":124,"column":2},"end":{"line":124,"column":20}},"40":{"start":{"line":126,"column":2},"end":{"line":126,"column":29}},"41":{"start":{"line":129,"column":20},"end":{"line":168,"column":1}},"42":{"start":{"line":133,"column":66},"end":{"line":133,"column":68}},"43":{"start":{"line":134,"column":15},"end":{"line":156,"column":79}},"44":{"start":{"line":158,"column":2},"end":{"line":164,"column":5}},"45":{"start":{"line":159,"column":4},"end":{"line":163,"column":5}},"46":{"start":{"line":160,"column":6},"end":{"line":160,"column":65}},"47":{"start":{"line":162,"column":6},"end":{"line":162,"column":42}},"48":{"start":{"line":165,"column":2},"end":{"line":165,"column":20}},"49":{"start":{"line":167,"column":2},"end":{"line":167,"column":29}},"50":{"start":{"line":170,"column":20},"end":{"line":198,"column":1}},"51":{"start":{"line":171,"column":2},"end":{"line":173,"column":3}},"52":{"start":{"line":172,"column":4},"end":{"line":172,"column":17}},"53":{"start":{"line":175,"column":24},"end":{"line":175,"column":51}},"54":{"start":{"line":176,"column":16},"end":{"line":176,"column":33}},"55":{"start":{"line":178,"column":17},"end":{"line":178,"column":34}},"56":{"start":{"line":179,"column":2},"end":{"line":197,"column":4}},"57":{"start":{"line":190,"column":6},"end":{"line":195,"column":7}},"58":{"start":{"line":191,"column":8},"end":{"line":191,"column":55}},"59":{"start":{"line":192,"column":8},"end":{"line":192,"column":15}},"60":{"start":{"line":194,"column":8},"end":{"line":194,"column":65}}},"fnMap":{"0":{"name":"(anonymous_0)","decl":{"start":{"line":18,"column":15},"end":{"line":18,"column":16}},"loc":{"start":{"line":18,"column":27},"end":{"line":90,"column":1}},"line":18},"1":{"name":"(anonymous_1)","decl":{"start":{"line":31,"column":25},"end":{"line":31,"column":26}},"loc":{"start":{"line":31,"column":45},"end":{"line":48,"column":3}},"line":31},"2":{"name":"(anonymous_2)","decl":{"start":{"line":32,"column":17},"end":{"line":32,"column":18}},"loc":{"start":{"line":32,"column":61},"end":{"line":47,"column":5}},"line":32},"3":{"name":"(anonymous_3)","decl":{"start":{"line":50,"column":19},"end":{"line":50,"column":20}},"loc":{"start":{"line":50,"column":34},"end":{"line":89,"column":3}},"line":50},"4":{"name":"(anonymous_4)","decl":{"start":{"line":52,"column":56},"end":{"line":52,"column":57}},"loc":{"start":{"line":52,"column":72},"end":{"line":69,"column":5}},"line":52},"5":{"name":"(anonymous_5)","decl":{"start":{"line":92,"column":16},"end":{"line":92,"column":17}},"loc":{"start":{"line":94,"column":33},"end":{"line":127,"column":1}},"line":94},"6":{"name":"(anonymous_6)","decl":{"start":{"line":117,"column":15},"end":{"line":117,"column":16}},"loc":{"start":{"line":117,"column":41},"end":{"line":123,"column":3}},"line":117},"7":{"name":"(anonymous_7)","decl":{"start":{"line":129,"column":20},"end":{"line":129,"column":21}},"loc":{"start":{"line":132,"column":33},"end":{"line":168,"column":1}},"line":132},"8":{"name":"(anonymous_8)","decl":{"start":{"line":158,"column":15},"end":{"line":158,"column":16}},"loc":{"start":{"line":158,"column":41},"end":{"line":164,"column":3}},"line":158},"9":{"name":"(anonymous_9)","decl":{"start":{"line":170,"column":20},"end":{"line":170,"column":21}},"loc":{"start":{"line":170,"column":71},"end":{"line":198,"column":1}},"line":170},"10":{"name":"(anonymous_10)","decl":{"start":{"line":189,"column":4},"end":{"line":189,"column":5}},"loc":{"start":{"line":189,"column":18},"end":{"line":196,"column":5}},"line":189}},"branchMap":{"0":{"loc":{"start":{"line":33,"column":6},"end":{"line":42,"column":7}},"type":"if","locations":[{"start":{"line":33,"column":6},"end":{"line":42,"column":7}},{"start":{},"end":{}}],"line":33},"1":{"loc":{"start":{"line":44,"column":6},"end":{"line":46,"column":7}},"type":"if","locations":[{"start":{"line":44,"column":6},"end":{"line":46,"column":7}},{"start":{},"end":{}}],"line":44},"2":{"loc":{"start":{"line":118,"column":4},"end":{"line":122,"column":5}},"type":"if","locations":[{"start":{"line":118,"column":4},"end":{"line":122,"column":5}},{"start":{"line":120,"column":11},"end":{"line":122,"column":5}}],"line":118},"3":{"loc":{"start":{"line":159,"column":4},"end":{"line":163,"column":5}},"type":"if","locations":[{"start":{"line":159,"column":4},"end":{"line":163,"column":5}},{"start":{"line":161,"column":11},"end":{"line":163,"column":5}}],"line":159},"4":{"loc":{"start":{"line":171,"column":2},"end":{"line":173,"column":3}},"type":"if","locations":[{"start":{"line":171,"column":2},"end":{"line":173,"column":3}},{"start":{},"end":{}}],"line":171},"5":{"loc":{"start":{"line":190,"column":6},"end":{"line":195,"column":7}},"type":"if","locations":[{"start":{"line":190,"column":6},"end":{"line":195,"column":7}},{"start":{"line":193,"column":13},"end":{"line":195,"column":7}}],"line":190}},"s":{"0":2,"1":2,"2":2,"3":2,"4":2,"5":8,"6":16,"7":4,"8":16,"9":16,"10":2,"11":1,"12":1,"13":2,"14":2,"15":2,"16":2,"17":2,"18":1,"19":1,"20":1,"21":50,"22":1,"23":1,"24":1,"25":1,"26":1,"27":0,"28":0,"29":0,"30":0,"31":1,"32":2,"33":2,"34":2,"35":2,"36":4,"37":0,"38":4,"39":2,"40":2,"41":1,"42":6,"43":6,"44":6,"45":12,"46":3,"47":9,"48":6,"49":6,"50":1,"51":1,"52":1,"53":0,"54":0,"55":0,"56":0,"57":0,"58":0,"59":0,"60":0},"f":{"0":2,"1":8,"2":16,"3":1,"4":2,"5":2,"6":4,"7":6,"8":12,"9":1,"10":0},"b":{"0":[4,12],"1":[16,0],"2":[0,4],"3":[3,9],"4":[1,0],"5":[0,0]},"_coverageSchema":"1a1c01bbd47fc00a2c39e90264f33305004495a9","hash":"1ac5d6f0d0d748ef400a88a5c269fd50452e9c4b"}
,"/home/alexmk92/code/bnc-attendance/src/commands/raids/record-tick.ts": {"path":"/home/alexmk92/code/bnc-attendance/src/commands/raids/record-tick.ts","statementMap":{"0":{"start":{"line":14,"column":19},"end":{"line":16,"column":17}},"1":{"start":{"line":17,"column":15},"end":{"line":17,"column":36}},"2":{"start":{"line":18,"column":15},"end":{"line":18,"column":66}},"3":{"start":{"line":19,"column":2},"end":{"line":21,"column":3}},"4":{"start":{"line":20,"column":4},"end":{"line":20,"column":48}},"5":{"start":{"line":23,"column":20},"end":{"line":23,"column":58}},"6":{"start":{"line":24,"column":27},"end":{"line":24,"column":58}},"7":{"start":{"line":26,"column":2},"end":{"line":28,"column":3}},"8":{"start":{"line":27,"column":4},"end":{"line":27,"column":21}},"9":{"start":{"line":30,"column":26},"end":{"line":39,"column":4}},"10":{"start":{"line":31,"column":4},"end":{"line":38,"column":6}},"11":{"start":{"line":41,"column":2},"end":{"line":49,"column":3}},"12":{"start":{"line":42,"column":4},"end":{"line":46,"column":41}},"13":{"start":{"line":48,"column":4},"end":{"line":48,"column":79}},"14":{"start":{"line":51,"column":2},"end":{"line":51,"column":72}},"15":{"start":{"line":54,"column":28},"end":{"line":75,"column":1}},"16":{"start":{"line":55,"column":15},"end":{"line":55,"column":36}},"17":{"start":{"line":56,"column":14},"end":{"line":66,"column":54}},"18":{"start":{"line":68,"column":15},"end":{"line":68,"column":24}},"19":{"start":{"line":70,"column":2},"end":{"line":72,"column":3}},"20":{"start":{"line":71,"column":4},"end":{"line":71,"column":16}},"21":{"start":{"line":74,"column":2},"end":{"line":74,"column":14}},"22":{"start":{"line":77,"column":23},"end":{"line":140,"column":1}},"23":{"start":{"line":81,"column":27},"end":{"line":81,"column":60}},"24":{"start":{"line":82,"column":15},"end":{"line":82,"column":36}},"25":{"start":{"line":84,"column":19},"end":{"line":86,"column":17}},"26":{"start":{"line":87,"column":19},"end":{"line":91,"column":17}},"27":{"start":{"line":93,"column":29},"end":{"line":101,"column":22}},"28":{"start":{"line":104,"column":4},"end":{"line":106,"column":46}},"29":{"start":{"line":108,"column":14},"end":{"line":133,"column":23}},"30":{"start":{"line":135,"column":2},"end":{"line":137,"column":3}},"31":{"start":{"line":136,"column":4},"end":{"line":136,"column":13}},"32":{"start":{"line":139,"column":2},"end":{"line":139,"column":49}},"33":{"start":{"line":151,"column":21},"end":{"line":166,"column":1}},"34":{"start":{"line":152,"column":15},"end":{"line":152,"column":36}},"35":{"start":{"line":153,"column":18},"end":{"line":156,"column":33}},"36":{"start":{"line":158,"column":45},"end":{"line":158,"column":47}},"37":{"start":{"line":159,"column":2},"end":{"line":163,"column":5}},"38":{"start":{"line":160,"column":4},"end":{"line":162,"column":5}},"39":{"start":{"line":161,"column":6},"end":{"line":161,"column":62}},"40":{"start":{"line":165,"column":2},"end":{"line":165,"column":26}}},"fnMap":{"0":{"name":"(anonymous_0)","decl":{"start":{"line":8,"column":15},"end":{"line":8,"column":16}},"loc":{"start":{"line":13,"column":5},"end":{"line":52,"column":1}},"line":13},"1":{"name":"(anonymous_1)","decl":{"start":{"line":30,"column":62},"end":{"line":30,"column":63}},"loc":{"start":{"line":30,"column":70},"end":{"line":39,"column":3}},"line":30},"2":{"name":"(anonymous_2)","decl":{"start":{"line":54,"column":28},"end":{"line":54,"column":29}},"loc":{"start":{"line":54,"column":76},"end":{"line":75,"column":1}},"line":54},"3":{"name":"(anonymous_3)","decl":{"start":{"line":77,"column":23},"end":{"line":77,"column":24}},"loc":{"start":{"line":80,"column":22},"end":{"line":140,"column":1}},"line":80},"4":{"name":"(anonymous_4)","decl":{"start":{"line":151,"column":21},"end":{"line":151,"column":22}},"loc":{"start":{"line":151,"column":79},"end":{"line":166,"column":1}},"line":151},"5":{"name":"(anonymous_5)","decl":{"start":{"line":159,"column":18},"end":{"line":159,"column":19}},"loc":{"start":{"line":159,"column":30},"end":{"line":163,"column":3}},"line":159}},"branchMap":{"0":{"loc":{"start":{"line":15,"column":13},"end":{"line":15,"column":45}},"type":"binary-expr","locations":[{"start":{"line":15,"column":13},"end":{"line":15,"column":21}},{"start":{"line":15,"column":25},"end":{"line":15,"column":45}}],"line":15},"1":{"loc":{"start":{"line":19,"column":2},"end":{"line":21,"column":3}},"type":"if","locations":[{"start":{"line":19,"column":2},"end":{"line":21,"column":3}},{"start":{},"end":{}}],"line":19},"2":{"loc":{"start":{"line":26,"column":2},"end":{"line":28,"column":3}},"type":"if","locations":[{"start":{"line":26,"column":2},"end":{"line":28,"column":3}},{"start":{},"end":{}}],"line":26},"3":{"loc":{"start":{"line":41,"column":2},"end":{"line":49,"column":3}},"type":"if","locations":[{"start":{"line":41,"column":2},"end":{"line":49,"column":3}},{"start":{},"end":{}}],"line":41},"4":{"loc":{"start":{"line":70,"column":2},"end":{"line":72,"column":3}},"type":"if","locations":[{"start":{"line":70,"column":2},"end":{"line":72,"column":3}},{"start":{},"end":{}}],"line":70},"5":{"loc":{"start":{"line":85,"column":13},"end":{"line":85,"column":49}},"type":"binary-expr","locations":[{"start":{"line":85,"column":13},"end":{"line":85,"column":25}},{"start":{"line":85,"column":29},"end":{"line":85,"column":49}}],"line":85},"6":{"loc":{"start":{"line":89,"column":6},"end":{"line":89,"column":66}},"type":"binary-expr","locations":[{"start":{"line":89,"column":6},"end":{"line":89,"column":42}},{"start":{"line":89,"column":46},"end":{"line":89,"column":66}}],"line":89},"7":{"loc":{"start":{"line":93,"column":29},"end":{"line":101,"column":22}},"type":"cond-expr","locations":[{"start":{"line":94,"column":6},"end":{"line":100,"column":3}},{"start":{"line":101,"column":6},"end":{"line":101,"column":22}}],"line":93},"8":{"loc":{"start":{"line":104,"column":4},"end":{"line":106,"column":46}},"type":"cond-expr","locations":[{"start":{"line":105,"column":8},"end":{"line":105,"column":35}},{"start":{"line":106,"column":8},"end":{"line":106,"column":46}}],"line":104},"9":{"loc":{"start":{"line":104,"column":4},"end":{"line":104,"column":65}},"type":"binary-expr","locations":[{"start":{"line":104,"column":4},"end":{"line":104,"column":29}},{"start":{"line":104,"column":33},"end":{"line":104,"column":65}}],"line":104},"10":{"loc":{"start":{"line":135,"column":2},"end":{"line":137,"column":3}},"type":"if","locations":[{"start":{"line":135,"column":2},"end":{"line":137,"column":3}},{"start":{},"end":{}}],"line":135},"11":{"loc":{"start":{"line":139,"column":21},"end":{"line":139,"column":45}},"type":"binary-expr","locations":[{"start":{"line":139,"column":21},"end":{"line":139,"column":40}},{"start":{"line":139,"column":44},"end":{"line":139,"column":45}}],"line":139},"12":{"loc":{"start":{"line":160,"column":4},"end":{"line":162,"column":5}},"type":"if","locations":[{"start":{"line":160,"column":4},"end":{"line":162,"column":5}},{"start":{},"end":{}}],"line":160}},"s":{"0":15,"1":15,"2":15,"3":15,"4":0,"5":15,"6":15,"7":15,"8":3,"9":15,"10":16,"11":15,"12":15,"13":15,"14":15,"15":1,"16":15,"17":15,"18":15,"19":15,"20":11,"21":4,"22":1,"23":15,"24":15,"25":15,"26":15,"27":15,"28":15,"29":15,"30":15,"31":5,"32":10,"33":1,"34":15,"35":15,"36":15,"37":15,"38":16,"39":16,"40":15},"f":{"0":15,"1":16,"2":15,"3":15,"4":15,"5":16},"b":{"0":[15,6],"1":[0,15],"2":[3,12],"3":[15,0],"4":[11,4],"5":[15,6],"6":[15,11],"7":[4,11],"8":[11,4],"9":[15,4],"10":[5,10],"11":[10,0],"12":[16,0]},"_coverageSchema":"1a1c01bbd47fc00a2c39e90264f33305004495a9","hash":"7598bbcb1d9aca7e3dd2cba6745bb10d7a1b009a"}
,"/home/alexmk92/code/bnc-attendance/src/commands/roster/add-alt.ts": {"path":"/home/alexmk92/code/bnc-attendance/src/commands/roster/add-alt.ts","statementMap":{"0":{"start":{"line":9,"column":34},"end":{"line":9,"column":36}},"1":{"start":{"line":10,"column":15},"end":{"line":10,"column":36}},"2":{"start":{"line":12,"column":17},"end":{"line":12,"column":40}},"3":{"start":{"line":14,"column":2},"end":{"line":14,"column":52}},"4":{"start":{"line":15,"column":2},"end":{"line":54,"column":3}},"5":{"start":{"line":16,"column":4},"end":{"line":51,"column":7}},"6":{"start":{"line":17,"column":27},"end":{"line":25,"column":39}},"7":{"start":{"line":23,"column":52},"end":{"line":23,"column":59}},"8":{"start":{"line":25,"column":24},"end":{"line":25,"column":38}},"9":{"start":{"line":27,"column":6},"end":{"line":31,"column":7}},"10":{"start":{"line":28,"column":8},"end":{"line":30,"column":10}},"11":{"start":{"line":33,"column":18},"end":{"line":37,"column":17}},"12":{"start":{"line":38,"column":6},"end":{"line":38,"column":47}},"13":{"start":{"line":40,"column":6},"end":{"line":49,"column":24}},"14":{"start":{"line":43,"column":32},"end":{"line":43,"column":52}},"15":{"start":{"line":45,"column":14},"end":{"line":45,"column":54}},"16":{"start":{"line":50,"column":6},"end":{"line":50,"column":48}},"17":{"start":{"line":53,"column":4},"end":{"line":53,"column":17}},"18":{"start":{"line":55,"column":2},"end":{"line":55,"column":22}},"19":{"start":{"line":58,"column":20},"end":{"line":60,"column":1}},"20":{"start":{"line":59,"column":2},"end":{"line":59,"column":69}},"21":{"start":{"line":59,"column":58},"end":{"line":59,"column":67}}},"fnMap":{"0":{"name":"(anonymous_0)","decl":{"start":{"line":5,"column":15},"end":{"line":5,"column":16}},"loc":{"start":{"line":8,"column":27},"end":{"line":56,"column":1}},"line":8},"1":{"name":"(anonymous_1)","decl":{"start":{"line":16,"column":27},"end":{"line":16,"column":28}},"loc":{"start":{"line":16,"column":42},"end":{"line":51,"column":5}},"line":16},"2":{"name":"(anonymous_2)","decl":{"start":{"line":23,"column":39},"end":{"line":23,"column":40}},"loc":{"start":{"line":23,"column":52},"end":{"line":23,"column":59}},"line":23},"3":{"name":"(anonymous_3)","decl":{"start":{"line":25,"column":12},"end":{"line":25,"column":13}},"loc":{"start":{"line":25,"column":24},"end":{"line":25,"column":38}},"line":25},"4":{"name":"(anonymous_4)","decl":{"start":{"line":43,"column":20},"end":{"line":43,"column":21}},"loc":{"start":{"line":43,"column":32},"end":{"line":43,"column":52}},"line":43},"5":{"name":"(anonymous_5)","decl":{"start":{"line":44,"column":17},"end":{"line":44,"column":18}},"loc":{"start":{"line":44,"column":29},"end":{"line":46,"column":13}},"line":44},"6":{"name":"(anonymous_6)","decl":{"start":{"line":58,"column":20},"end":{"line":58,"column":21}},"loc":{"start":{"line":58,"column":49},"end":{"line":60,"column":1}},"line":58},"7":{"name":"(anonymous_7)","decl":{"start":{"line":59,"column":46},"end":{"line":59,"column":47}},"loc":{"start":{"line":59,"column":58},"end":{"line":59,"column":67}},"line":59}},"branchMap":{"0":{"loc":{"start":{"line":27,"column":6},"end":{"line":31,"column":7}},"type":"if","locations":[{"start":{"line":27,"column":6},"end":{"line":31,"column":7}},{"start":{},"end":{}}],"line":27}},"s":{"0":1,"1":1,"2":1,"3":1,"4":1,"5":1,"6":1,"7":2,"8":2,"9":1,"10":0,"11":1,"12":1,"13":1,"14":2,"15":1,"16":1,"17":0,"18":1,"19":1,"20":1,"21":1},"f":{"0":1,"1":1,"2":2,"3":2,"4":2,"5":1,"6":1,"7":1},"b":{"0":[0,1]},"_coverageSchema":"1a1c01bbd47fc00a2c39e90264f33305004495a9","hash":"f8ae5e852cf9b529019e1aaca0f73ca4bc9314e1"}
,"/home/alexmk92/code/bnc-attendance/src/commands/roster/add.ts": {"path":"/home/alexmk92/code/bnc-attendance/src/commands/roster/add.ts","statementMap":{"0":{"start":{"line":5,"column":15},"end":{"line":5,"column":36}},"1":{"start":{"line":6,"column":23},"end":{"line":14,"column":4}},"2":{"start":{"line":7,"column":4},"end":{"line":9,"column":5}},"3":{"start":{"line":8,"column":6},"end":{"line":8,"column":45}},"4":{"start":{"line":10,"column":4},"end":{"line":13,"column":6}},"5":{"start":{"line":16,"column":15},"end":{"line":21,"column":19}},"6":{"start":{"line":23,"column":2},"end":{"line":23,"column":37}},"7":{"start":{"line":24,"column":2},"end":{"line":24,"column":14}}},"fnMap":{"0":{"name":"(anonymous_0)","decl":{"start":{"line":4,"column":15},"end":{"line":4,"column":16}},"loc":{"start":{"line":4,"column":63},"end":{"line":25,"column":1}},"line":4},"1":{"name":"(anonymous_1)","decl":{"start":{"line":6,"column":35},"end":{"line":6,"column":36}},"loc":{"start":{"line":6,"column":47},"end":{"line":14,"column":3}},"line":6}},"branchMap":{"0":{"loc":{"start":{"line":7,"column":4},"end":{"line":9,"column":5}},"type":"if","locations":[{"start":{"line":7,"column":4},"end":{"line":9,"column":5}},{"start":{},"end":{}}],"line":7}},"s":{"0":3,"1":3,"2":5,"3":0,"4":5,"5":3,"6":3,"7":3},"f":{"0":3,"1":5},"b":{"0":[0,5]},"_coverageSchema":"1a1c01bbd47fc00a2c39e90264f33305004495a9","hash":"3b35dfce0355e9d2dfe26943d29ba1cef625a7aa"}
,"/home/alexmk92/code/bnc-attendance/src/commands/roster/fetch.ts": {"path":"/home/alexmk92/code/bnc-attendance/src/commands/roster/fetch.ts","statementMap":{"0":{"start":{"line":7,"column":15},"end":{"line":7,"column":36}},"1":{"start":{"line":8,"column":16},"end":{"line":8,"column":18}},"2":{"start":{"line":9,"column":2},"end":{"line":22,"column":3}},"3":{"start":{"line":10,"column":4},"end":{"line":10,"column":76}},"4":{"start":{"line":12,"column":4},"end":{"line":21,"column":5}},"5":{"start":{"line":13,"column":6},"end":{"line":13,"column":54}},"6":{"start":{"line":15,"column":6},"end":{"line":20,"column":54}},"7":{"start":{"line":24,"column":2},"end":{"line":28,"column":4}}},"fnMap":{"0":{"name":"(anonymous_0)","decl":{"start":{"line":3,"column":15},"end":{"line":3,"column":16}},"loc":{"start":{"line":6,"column":75},"end":{"line":29,"column":1}},"line":6}},"branchMap":{"0":{"loc":{"start":{"line":9,"column":2},"end":{"line":22,"column":3}},"type":"if","locations":[{"start":{"line":9,"column":2},"end":{"line":22,"column":3}},{"start":{"line":11,"column":9},"end":{"line":22,"column":3}}],"line":9},"1":{"loc":{"start":{"line":12,"column":4},"end":{"line":21,"column":5}},"type":"if","locations":[{"start":{"line":12,"column":4},"end":{"line":21,"column":5}},{"start":{"line":14,"column":11},"end":{"line":21,"column":5}}],"line":12}},"s":{"0":4,"1":4,"2":4,"3":4,"4":0,"5":0,"6":0,"7":4},"f":{"0":4},"b":{"0":[4,0],"1":[0,0]},"_coverageSchema":"1a1c01bbd47fc00a2c39e90264f33305004495a9","hash":"356fccee69c8b907aca3d6784de0e75884277307"}
,"/home/alexmk92/code/bnc-attendance/src/util/db.ts": {"path":"/home/alexmk92/code/bnc-attendance/src/util/db.ts","statementMap":{"0":{"start":{"line":4,"column":46},"end":{"line":4,"column":50}},"1":{"start":{"line":6,"column":29},"end":{"line":20,"column":1}},"2":{"start":{"line":7,"column":2},"end":{"line":17,"column":3}},"3":{"start":{"line":8,"column":4},"end":{"line":16,"column":7}},"4":{"start":{"line":19,"column":2},"end":{"line":19,"column":20}}},"fnMap":{"0":{"name":"(anonymous_0)","decl":{"start":{"line":6,"column":29},"end":{"line":6,"column":30}},"loc":{"start":{"line":6,"column":41},"end":{"line":20,"column":1}},"line":6}},"branchMap":{"0":{"loc":{"start":{"line":7,"column":2},"end":{"line":17,"column":3}},"type":"if","locations":[{"start":{"line":7,"column":2},"end":{"line":17,"column":3}},{"start":{},"end":{}}],"line":7}},"s":{"0":1,"1":1,"2":82,"3":1,"4":82},"f":{"0":82},"b":{"0":[1,81]},"_coverageSchema":"1a1c01bbd47fc00a2c39e90264f33305004495a9","hash":"cefdd453e7ca1ac0d48d2348aa0bb6b41c4062af"}
,"/home/alexmk92/code/bnc-attendance/src/util/googleApi.ts": {"path":"/home/alexmk92/code/bnc-attendance/src/util/googleApi.ts","statementMap":{"0":{"start":{"line":9,"column":11},"end":{"line":9,"column":15}},"1":{"start":{"line":13,"column":13},"end":{"line":39,"column":1}},"2":{"start":{"line":14,"column":2},"end":{"line":34,"column":3}},"3":{"start":{"line":15,"column":18},"end":{"line":28,"column":5}},"4":{"start":{"line":30,"column":4},"end":{"line":33,"column":7}},"5":{"start":{"line":36,"column":2},"end":{"line":38,"column":3}},"6":{"start":{"line":37,"column":4},"end":{"line":37,"column":36}},"7":{"start":{"line":47,"column":25},"end":{"line":55,"column":1}},"8":{"start":{"line":48,"column":2},"end":{"line":48,"column":15}},"9":{"start":{"line":50,"column":2},"end":{"line":52,"column":3}},"10":{"start":{"line":51,"column":4},"end":{"line":51,"column":59}},"11":{"start":{"line":54,"column":2},"end":{"line":54,"column":56}}},"fnMap":{"0":{"name":"(anonymous_0)","decl":{"start":{"line":13,"column":13},"end":{"line":13,"column":14}},"loc":{"start":{"line":13,"column":40},"end":{"line":39,"column":1}},"line":13},"1":{"name":"(anonymous_1)","decl":{"start":{"line":47,"column":25},"end":{"line":47,"column":26}},"loc":{"start":{"line":47,"column":64},"end":{"line":55,"column":1}},"line":47}},"branchMap":{"0":{"loc":{"start":{"line":14,"column":2},"end":{"line":34,"column":3}},"type":"if","locations":[{"start":{"line":14,"column":2},"end":{"line":34,"column":3}},{"start":{},"end":{}}],"line":14},"1":{"loc":{"start":{"line":36,"column":2},"end":{"line":38,"column":3}},"type":"if","locations":[{"start":{"line":36,"column":2},"end":{"line":38,"column":3}},{"start":{},"end":{}}],"line":36},"2":{"loc":{"start":{"line":50,"column":2},"end":{"line":52,"column":3}},"type":"if","locations":[{"start":{"line":50,"column":2},"end":{"line":52,"column":3}},{"start":{},"end":{}}],"line":50},"3":{"loc":{"start":{"line":50,"column":6},"end":{"line":50,"column":22}},"type":"binary-expr","locations":[{"start":{"line":50,"column":6},"end":{"line":50,"column":13}},{"start":{"line":50,"column":17},"end":{"line":50,"column":22}}],"line":50}},"s":{"0":1,"1":1,"2":0,"3":0,"4":0,"5":0,"6":0,"7":1,"8":0,"9":0,"10":0,"11":0},"f":{"0":0,"1":0},"b":{"0":[0,0],"1":[0,0],"2":[0,0],"3":[0,0]},"_coverageSchema":"1a1c01bbd47fc00a2c39e90264f33305004495a9","hash":"3cf1006b87b2785d4622254fab4d0fee05676c89"}
}
