TN:
SF:src/constants.ts
FNF:0
FNH:0
DA:1,1
DA:2,1
DA:3,1
LF:3
LH:3
BRDA:2,0,0,1
BRDA:2,0,1,0
BRDA:4,1,0,1
BRDA:4,1,1,0
BRDA:5,2,0,1
BRDA:5,2,1,0
BRDA:6,3,0,1
BRDA:6,3,1,0
BRDA:7,4,0,1
BRDA:7,4,1,0
BRDA:8,5,0,1
BRDA:8,5,1,0
BRDA:9,6,0,1
BRDA:9,6,1,1
BRF:14
BRH:8
end_of_record
TN:
SF:src/logger.ts
FN:9,(anonymous_0)
FNF:1
FNH:0
FNDA:0,(anonymous_0)
DA:3,1
DA:9,1
DA:10,0
DA:16,1
LF:4
LH:3
BRDA:10,0,0,0
BRDA:10,0,1,0
BRF:2
BRH:0
end_of_record
TN:
SF:src/commands/raids/add.ts
FN:3,(anonymous_0)
FN:46,(anonymous_1)
FNF:2
FNH:2
FNDA:1,(anonymous_0)
FNDA:1,(anonymous_1)
DA:4,1
DA:5,1
DA:6,0
DA:9,1
DA:11,1
DA:18,1
DA:19,1
DA:20,1
DA:21,1
DA:23,0
DA:33,0
DA:36,1
DA:46,1
DA:47,1
DA:49,1
DA:50,1
DA:52,1
DA:53,1
DA:55,1
LF:19
LH:16
BRDA:5,0,0,0
BRDA:5,0,1,1
BRDA:18,1,0,1
BRDA:18,1,1,0
BRDA:50,2,0,0
BRDA:50,2,1,1
BRDA:53,3,0,1
BRDA:53,3,1,0
BRF:8
BRH:4
end_of_record
TN:
SF:src/commands/raids/record-tick.ts
FN:8,(anonymous_0)
FN:30,(anonymous_1)
FN:54,(anonymous_2)
FN:75,(anonymous_3)
FN:149,(anonymous_4)
FN:157,(anonymous_5)
FNF:6
FNH:6
FNDA:5,(anonymous_0)
FNDA:5,(anonymous_1)
FNDA:5,(anonymous_2)
FNDA:5,(anonymous_3)
FNDA:5,(anonymous_4)
FNDA:5,(anonymous_5)
DA:14,5
DA:17,5
DA:18,5
DA:19,5
DA:20,0
DA:23,5
DA:24,5
DA:26,5
DA:27,0
DA:30,5
DA:31,5
DA:41,5
DA:42,5
DA:48,5
DA:51,5
DA:54,1
DA:55,5
DA:56,5
DA:66,5
DA:68,5
DA:69,2
DA:72,3
DA:75,1
DA:79,5
DA:80,5
DA:82,5
DA:85,5
DA:88,5
DA:90,5
DA:102,5
DA:106,5
DA:133,5
DA:134,1
DA:137,4
DA:149,1
DA:150,5
DA:151,5
DA:156,5
DA:157,5
DA:158,5
DA:159,5
DA:163,5
LF:42
LH:40
BRDA:15,0,0,5
BRDA:15,0,1,1
BRDA:19,1,0,0
BRDA:19,1,1,5
BRDA:26,2,0,0
BRDA:26,2,1,5
BRDA:41,3,0,5
BRDA:41,3,1,0
BRDA:68,4,0,2
BRDA:68,4,1,3
BRDA:83,5,0,5
BRDA:83,5,1,1
BRDA:86,6,0,5
BRDA:86,6,1,2
BRDA:90,7,0,3
BRDA:90,7,1,2
BRDA:102,8,0,2
BRDA:102,8,1,3
BRDA:102,9,0,5
BRDA:102,9,1,3
BRDA:133,10,0,1
BRDA:133,10,1,4
BRDA:137,11,0,4
BRDA:137,11,1,0
BRDA:158,12,0,5
BRDA:158,12,1,0
BRF:26
BRH:21
end_of_record
TN:
SF:src/util/db.ts
FN:6,(anonymous_0)
FNF:1
FNH:1
FNDA:22,(anonymous_0)
DA:4,1
DA:6,1
DA:7,22
DA:8,1
DA:19,22
LF:5
LH:5
BRDA:7,0,0,1
BRDA:7,0,1,21
BRF:2
BRH:2
end_of_record
