TN:
SF:src/constants.ts
FNF:0
FNH:0
DA:1,5
DA:2,5
DA:3,5
LF:3
LH:3
BRDA:2,0,0,5
BRDA:2,0,1,0
BRDA:4,1,0,5
BRDA:4,1,1,0
BRDA:5,2,0,5
BRDA:5,2,1,0
BRDA:6,3,0,5
BRDA:6,3,1,0
BRDA:7,4,0,5
BRDA:7,4,1,0
BRDA:8,5,0,5
BRDA:8,5,1,0
BRDA:9,6,0,5
BRDA:9,6,1,5
BRF:14
BRH:8
end_of_record
TN:
SF:src/logger.ts
FN:9,(anonymous_0)
FNF:1
FNH:0
FNDA:0,(anonymous_0)
DA:3,2
DA:9,2
DA:10,0
DA:16,2
LF:4
LH:3
BRDA:10,0,0,0
BRDA:10,0,1,0
BRF:2
BRH:0
end_of_record
TN:
SF:src/commands/raids/add.ts
FN:3,(anonymous_0)
FN:46,(anonymous_1)
FNF:2
FNH:2
FNDA:11,(anonymous_0)
FNDA:11,(anonymous_1)
DA:4,11
DA:5,11
DA:6,0
DA:9,11
DA:11,11
DA:18,11
DA:19,10
DA:20,10
DA:21,10
DA:23,1
DA:33,1
DA:36,11
DA:46,3
DA:47,11
DA:49,11
DA:50,11
DA:52,11
DA:53,11
DA:55,11
LF:19
LH:18
BRDA:5,0,0,0
BRDA:5,0,1,11
BRDA:18,1,0,10
BRDA:18,1,1,1
BRDA:50,2,0,0
BRDA:50,2,1,11
BRDA:53,3,0,11
BRDA:53,3,1,0
BRF:8
BRH:5
end_of_record
TN:
SF:src/commands/raids/calculate-attendance.ts
FN:18,(anonymous_0)
FN:30,(anonymous_1)
FN:31,(anonymous_2)
FN:49,(anonymous_3)
FN:51,(anonymous_4)
FN:91,(anonymous_5)
FN:109,(anonymous_6)
FNF:7
FNH:5
FNDA:1,(anonymous_0)
FNDA:4,(anonymous_1)
FNDA:8,(anonymous_2)
FNDA:0,(anonymous_3)
FNDA:0,(anonymous_4)
FNDA:1,(anonymous_5)
FNDA:3,(anonymous_6)
DA:19,1
DA:22,1
DA:23,1
DA:30,1
DA:31,4
DA:32,8
DA:33,2
DA:43,8
DA:44,8
DA:49,1
DA:50,0
DA:51,0
DA:52,0
DA:53,0
DA:54,0
DA:56,0
DA:64,0
DA:72,0
DA:73,0
DA:74,0
DA:77,0
DA:78,0
DA:79,0
DA:80,0
DA:83,0
DA:84,0
DA:85,0
DA:86,0
DA:91,1
DA:94,1
DA:95,1
DA:109,1
DA:113,3
DA:114,3
LF:34
LH:16
BRDA:32,0,0,2
BRDA:32,0,1,6
BRDA:43,1,0,8
BRDA:43,1,1,0
BRF:4
BRH:3
end_of_record
TN:
SF:src/commands/raids/delete.ts
FN:3,(anonymous_0)
FN:8,(anonymous_1)
FN:9,(anonymous_2)
FNF:3
FNH:2
FNDA:1,(anonymous_0)
FNDA:0,(anonymous_1)
FNDA:1,(anonymous_2)
DA:4,1
DA:5,1
DA:6,1
DA:8,0
DA:9,1
DA:10,1
LF:6
LH:5
BRF:0
BRH:0
end_of_record
TN:
SF:src/commands/raids/fetch.ts
FN:3,(anonymous_0)
FNF:1
FNH:1
FNDA:1,(anonymous_0)
DA:9,1
DA:10,1
DA:11,1
DA:12,0
DA:14,1
DA:21,1
LF:6
LH:5
BRDA:11,0,0,0
BRDA:11,0,1,1
BRDA:17,1,0,1
BRDA:17,1,1,0
BRF:4
BRH:2
end_of_record
TN:
SF:src/commands/raids/record-tick.ts
FN:8,(anonymous_0)
FN:29,(anonymous_1)
FN:31,(anonymous_2)
FN:56,(anonymous_3)
FN:75,(anonymous_4)
FN:109,(anonymous_5)
FNF:6
FNH:6
FNDA:11,(anonymous_0)
FNDA:12,(anonymous_1)
FNDA:11,(anonymous_2)
FNDA:11,(anonymous_3)
FNDA:11,(anonymous_4)
FNDA:15,(anonymous_5)
DA:13,11
DA:14,11
DA:15,11
DA:16,0
DA:19,11
DA:20,11
DA:27,11
DA:29,12
DA:32,11
DA:40,11
DA:41,10
DA:47,10
DA:50,11
DA:53,11
DA:56,1
DA:57,11
DA:58,11
DA:63,11
DA:75,1
DA:81,11
DA:82,11
DA:108,11
DA:109,11
DA:110,15
DA:111,12
DA:118,11
LF:26
LH:25
BRDA:15,0,0,0
BRDA:15,0,1,11
BRDA:29,1,0,12
BRDA:29,1,1,3
BRDA:40,2,0,10
BRDA:40,2,1,1
BRDA:50,3,0,10
BRDA:50,3,1,1
BRDA:63,4,0,11
BRDA:63,4,1,0
BRDA:79,5,0,0
BRDA:110,6,0,12
BRDA:110,6,1,3
BRF:13
BRH:10
end_of_record
TN:
SF:src/commands/roster/add-alt.ts
FN:5,(anonymous_0)
FN:16,(anonymous_1)
FN:23,(anonymous_2)
FN:25,(anonymous_3)
FN:43,(anonymous_4)
FN:44,(anonymous_5)
FN:58,(anonymous_6)
FN:59,(anonymous_7)
FNF:8
FNH:8
FNDA:1,(anonymous_0)
FNDA:1,(anonymous_1)
FNDA:4,(anonymous_2)
FNDA:4,(anonymous_3)
FNDA:4,(anonymous_4)
FNDA:3,(anonymous_5)
FNDA:1,(anonymous_6)
FNDA:3,(anonymous_7)
DA:9,1
DA:10,1
DA:12,1
DA:14,1
DA:15,1
DA:16,1
DA:17,1
DA:23,4
DA:25,4
DA:27,1
DA:28,0
DA:33,1
DA:38,1
DA:40,1
DA:43,4
DA:45,3
DA:50,1
DA:53,0
DA:55,1
DA:58,1
DA:59,3
LF:21
LH:19
BRDA:27,0,0,0
BRDA:27,0,1,1
BRF:2
BRH:1
end_of_record
TN:
SF:src/commands/roster/add.ts
FN:4,(anonymous_0)
FN:6,(anonymous_1)
FNF:2
FNH:2
FNDA:6,(anonymous_0)
FNDA:9,(anonymous_1)
DA:5,6
DA:6,6
DA:7,9
DA:8,0
DA:10,9
DA:16,6
DA:23,6
DA:24,6
LF:8
LH:7
BRDA:7,0,0,0
BRDA:7,0,1,9
BRF:2
BRH:1
end_of_record
TN:
SF:src/commands/roster/fetch.ts
FN:3,(anonymous_0)
FNF:1
FNH:1
FNDA:2,(anonymous_0)
DA:7,2
DA:8,2
DA:9,2
DA:10,2
DA:12,0
DA:13,0
DA:15,0
DA:24,2
LF:8
LH:5
BRDA:9,0,0,2
BRDA:9,0,1,0
BRDA:12,1,0,0
BRDA:12,1,1,0
BRF:4
BRH:1
end_of_record
TN:
SF:src/util/db.ts
FN:6,(anonymous_0)
FNF:1
FNH:1
FNDA:60,(anonymous_0)
DA:4,5
DA:6,5
DA:7,60
DA:8,5
DA:19,60
LF:5
LH:5
BRDA:7,0,0,5
BRDA:7,0,1,55
BRF:2
BRH:2
end_of_record
